TN:
SF:src\modules\auth\auth.service.js
FN:13,createToken
FN:24,createVerifyCode
FN:28,normalizeEmail
FN:32,isBcryptHash
FN:40,getUserByEmail
FN:78,getUserByGoogleId
FN:118,getUserByPhone
FN:132,publicUser
FN:139,register
FN:233,verifyEmail
FN:314,resendVerifyCode
FN:361,login
FN:385,googleLogin
FN:493,changePassword
FN:528,forgotPassword
FN:570,resetPassword
FNF:16
FNH:16
FNDA:2,createToken
FNDA:2,createVerifyCode
FNDA:21,normalizeEmail
FNDA:3,isBcryptHash
FNDA:7,getUserByEmail
FNDA:2,getUserByGoogleId
FNDA:2,getUserByPhone
FNDA:2,publicUser
FNDA:8,register
FNDA:3,verifyEmail
FNDA:2,resendVerifyCode
FNDA:2,login
FNDA:2,googleLogin
FNDA:3,changePassword
FNDA:2,forgotPassword
FNDA:2,resetPassword
DA:1,1
DA:2,1
DA:3,1
DA:5,1
DA:6,1
DA:7,1
DA:11,1
DA:14,2
DA:25,2
DA:29,21
DA:33,3
DA:41,7
DA:42,7
DA:75,7
DA:79,2
DA:81,2
DA:82,2
DA:115,2
DA:119,2
DA:121,2
DA:122,2
DA:129,2
DA:133,2
DA:134,2
DA:135,2
DA:136,2
DA:140,8
DA:142,8
DA:143,8
DA:144,8
DA:145,8
DA:146,8
DA:147,8
DA:148,8
DA:150,8
DA:151,1
DA:154,7
DA:155,1
DA:158,6
DA:159,1
DA:162,5
DA:163,0
DA:166,5
DA:167,1
DA:170,4
DA:171,1
DA:174,3
DA:175,3
DA:176,1
DA:179,2
DA:180,2
DA:181,2
DA:182,1
DA:186,1
DA:187,1
DA:195,1
DA:196,0
DA:200,1
DA:201,1
DA:202,1
DA:204,1
DA:209,1
DA:226,1
DA:228,1
DA:234,3
DA:236,3
DA:244,3
DA:246,3
DA:247,1
DA:250,2
DA:251,1
DA:254,1
DA:255,1
DA:257,1
DA:258,0
DA:261,1
DA:263,1
DA:264,1
DA:266,1
DA:278,1
DA:280,1
DA:291,1
DA:300,1
DA:302,1
DA:306,0
DA:307,0
DA:310,0
DA:315,2
DA:316,2
DA:318,2
DA:326,2
DA:328,2
DA:329,1
DA:332,1
DA:333,1
DA:335,1
DA:347,1
DA:350,1
DA:353,1
DA:362,2
DA:364,2
DA:365,1
DA:366,0
DA:367,1
DA:369,1
DA:370,1
DA:371,1
DA:374,0
DA:376,0
DA:379,1
DA:381,1
DA:382,1
DA:386,2
DA:387,1
DA:389,1
DA:390,0
DA:393,1
DA:395,1
DA:396,1
DA:401,0
DA:404,1
DA:405,1
DA:406,0
DA:409,1
DA:410,1
DA:411,1
DA:412,1
DA:413,1
DA:415,1
DA:416,1
DA:418,1
DA:419,0
DA:420,0
DA:421,0
DA:422,0
DA:427,0
DA:439,0
DA:448,0
DA:450,0
DA:451,0
DA:453,0
DA:456,1
DA:457,0
DA:459,1
DA:460,0
DA:462,1
DA:463,0
DA:468,1
DA:482,1
DA:483,1
DA:485,1
DA:486,1
DA:494,3
DA:495,0
DA:496,3
DA:497,0
DA:499,3
DA:500,3
DA:505,3
DA:506,3
DA:508,2
DA:512,2
DA:514,1
DA:515,1
DA:525,1
DA:529,2
DA:530,2
DA:532,2
DA:533,1
DA:538,1
DA:539,1
DA:543,1
DA:545,1
DA:557,1
DA:559,1
DA:562,1
DA:571,2
DA:572,2
DA:573,0
DA:575,2
DA:576,2
DA:578,2
DA:580,2
DA:590,2
DA:591,2
DA:592,1
DA:594,1
DA:595,1
DA:607,1
DA:610,1
LF:190
LH:162
BRDA:34,0,0,3
BRDA:34,0,1,1
BRDA:34,0,2,1
BRDA:79,1,0,0
BRDA:79,1,1,2
BRDA:119,2,0,0
BRDA:119,2,1,2
BRDA:144,3,0,8
BRDA:144,3,1,5
BRDA:146,4,0,8
BRDA:146,4,1,8
BRDA:147,5,0,8
BRDA:147,5,1,8
BRDA:148,6,0,8
BRDA:148,6,1,8
BRDA:150,7,0,1
BRDA:150,7,1,7
BRDA:154,8,0,1
BRDA:154,8,1,6
BRDA:158,9,0,1
BRDA:158,9,1,5
BRDA:162,10,0,0
BRDA:162,10,1,5
BRDA:166,11,0,1
BRDA:166,11,1,4
BRDA:170,12,0,1
BRDA:170,12,1,3
BRDA:170,13,0,4
BRDA:170,13,1,3
BRDA:175,14,0,1
BRDA:175,14,1,2
BRDA:179,15,0,2
BRDA:179,15,1,0
BRDA:181,16,0,1
BRDA:181,16,1,1
BRDA:186,17,0,1
BRDA:186,17,1,0
BRDA:195,18,0,0
BRDA:195,18,1,1
BRDA:246,19,0,1
BRDA:246,19,1,2
BRDA:250,20,0,1
BRDA:250,20,1,1
BRDA:257,21,0,0
BRDA:257,21,1,1
BRDA:328,22,0,1
BRDA:328,22,1,1
BRDA:350,23,0,1
BRDA:350,23,1,1
BRDA:350,23,2,1
BRDA:354,24,0,0
BRDA:354,24,1,1
BRDA:357,25,0,0
BRDA:357,25,1,1
BRDA:364,26,0,1
BRDA:364,26,1,1
BRDA:365,27,0,0
BRDA:365,27,1,1
BRDA:365,28,0,1
BRDA:365,28,1,1
BRDA:367,29,0,0
BRDA:367,29,1,1
BRDA:370,30,0,1
BRDA:370,30,1,0
BRDA:374,31,0,0
BRDA:374,31,1,0
BRDA:376,32,0,0
BRDA:376,32,1,0
BRDA:379,33,0,0
BRDA:379,33,1,1
BRDA:386,34,0,1
BRDA:386,34,1,1
BRDA:389,35,0,0
BRDA:389,35,1,1
BRDA:389,36,0,1
BRDA:389,36,1,1
BRDA:405,37,0,0
BRDA:405,37,1,1
BRDA:405,38,0,1
BRDA:405,38,1,1
BRDA:405,38,2,1
BRDA:410,39,0,1
BRDA:410,39,1,0
BRDA:411,40,0,1
BRDA:411,40,1,1
BRDA:416,41,0,0
BRDA:416,41,1,1
BRDA:418,42,0,0
BRDA:418,42,1,1
BRDA:456,43,0,0
BRDA:456,43,1,1
BRDA:456,44,0,1
BRDA:456,44,1,1
BRDA:459,45,0,0
BRDA:459,45,1,1
BRDA:459,46,0,1
BRDA:459,46,1,1
BRDA:462,47,0,0
BRDA:462,47,1,1
BRDA:462,48,0,1
BRDA:462,48,1,0
BRDA:483,49,0,0
BRDA:483,49,1,1
BRDA:494,50,0,0
BRDA:494,50,1,3
BRDA:494,51,0,3
BRDA:494,51,1,3
BRDA:496,52,0,0
BRDA:496,52,1,3
BRDA:506,53,0,1
BRDA:506,53,1,2
BRDA:508,54,0,1
BRDA:508,54,1,1
BRDA:512,55,0,1
BRDA:512,55,1,1
BRDA:532,56,0,1
BRDA:532,56,1,1
BRDA:559,57,0,1
BRDA:559,57,1,1
BRDA:559,57,2,1
BRDA:563,58,0,0
BRDA:563,58,1,1
BRDA:564,59,0,0
BRDA:564,59,1,0
BRDA:566,60,0,0
BRDA:566,60,1,1
BRDA:571,61,0,0
BRDA:571,61,1,2
BRDA:571,62,0,2
BRDA:571,62,1,2
BRDA:572,63,0,0
BRDA:572,63,1,2
BRDA:591,64,0,1
BRDA:591,64,1,1
BRF:134
BRH:99
end_of_record
TN:
SF:src\modules\receptionist\receptionist.controller.js
FN:4,getDashboard
FN:12,getAppointments
FN:20,getAppointmentById
FN:30,createAppointment
FN:43,createWalkInAppointment
FN:63,confirmAppointment
FN:74,checkInAppointment
FN:85,startAppointment
FN:96,completeAppointment
FN:107,cancelAppointment
FN:122,noShowAppointment
FN:133,rescheduleAppointment
FN:148,getAvailableTechnicians
FN:156,getAvailableSlots
FN:164,getCustomersSearch
FN:172,getCustomers
FN:180,getCustomerById
FN:190,createCustomer
FN:203,updateCustomer
FN:214,getServices
FN:222,getTechnicians
FN:233,getInvoices
FN:241,getInvoiceById
FN:251,markInvoicePaid
FN:266,requestInvoiceRefund
FN:277,createInvoiceManually
FN:288,updateInvoiceDetails
FN:299,sendInvoiceEmail
FN:314,getWaitingList
FN:322,createWaitingList
FN:335,updateWaitingList
FN:347,deleteWaitingList
FN:360,getWaitingAvailableSlots
FN:371,convertWaitingListToAppointment
FN:388,getNotifications
FN:399,markNotificationRead
FN:410,markAllNotificationsRead
FN:421,getReviews
FN:429,getProfile
FN:437,getSettings
FN:445,updateSettings
FN:456,updateAvatar
FN:467,checkoutAppointment
FN:479,getTechnicianWorkload
FN:491,assignTechnician
FN:509,transferAppointments
FN:528,getSmartBookingSuggestions
FN:548,changeTechnician
FN:621,(anonymous_48)
FNF:49
FNH:16
FNDA:0,getDashboard
FNDA:1,getAppointments
FNDA:2,getAppointmentById
FNDA:1,createAppointment
FNDA:1,createWalkInAppointment
FNDA:1,confirmAppointment
FNDA:1,checkInAppointment
FNDA:1,startAppointment
FNDA:1,completeAppointment
FNDA:1,cancelAppointment
FNDA:1,noShowAppointment
FNDA:1,rescheduleAppointment
FNDA:1,getAvailableTechnicians
FNDA:1,getAvailableSlots
FNDA:0,getCustomersSearch
FNDA:0,getCustomers
FNDA:0,getCustomerById
FNDA:0,createCustomer
FNDA:0,updateCustomer
FNDA:0,getServices
FNDA:0,getTechnicians
FNDA:0,getInvoices
FNDA:0,getInvoiceById
FNDA:0,markInvoicePaid
FNDA:0,requestInvoiceRefund
FNDA:1,createInvoiceManually
FNDA:1,updateInvoiceDetails
FNDA:1,sendInvoiceEmail
FNDA:0,getWaitingList
FNDA:0,createWaitingList
FNDA:0,updateWaitingList
FNDA:0,deleteWaitingList
FNDA:0,getWaitingAvailableSlots
FNDA:0,convertWaitingListToAppointment
FNDA:0,getNotifications
FNDA:0,markNotificationRead
FNDA:0,markAllNotificationsRead
FNDA:0,getReviews
FNDA:0,getProfile
FNDA:0,getSettings
FNDA:0,updateSettings
FNDA:0,updateAvatar
FNDA:0,checkoutAppointment
FNDA:0,getTechnicianWorkload
FNDA:0,assignTechnician
FNDA:0,transferAppointments
FNDA:0,getSmartBookingSuggestions
FNDA:0,changeTechnician
FNDA:0,(anonymous_48)
DA:1,1
DA:2,1
DA:5,0
DA:6,0
DA:8,0
DA:13,1
DA:14,1
DA:16,0
DA:21,2
DA:22,2
DA:23,2
DA:24,1
DA:26,0
DA:31,1
DA:32,1
DA:39,0
DA:44,1
DA:45,1
DA:59,0
DA:64,1
DA:65,1
DA:70,0
DA:75,1
DA:76,1
DA:81,0
DA:86,1
DA:87,1
DA:92,0
DA:97,1
DA:98,1
DA:103,0
DA:108,1
DA:109,1
DA:118,0
DA:123,1
DA:124,1
DA:129,0
DA:134,1
DA:135,1
DA:144,0
DA:149,1
DA:150,1
DA:152,0
DA:157,1
DA:158,1
DA:160,0
DA:165,0
DA:166,0
DA:168,0
DA:173,0
DA:174,0
DA:176,0
DA:181,0
DA:182,0
DA:183,0
DA:184,0
DA:186,0
DA:191,0
DA:192,0
DA:199,0
DA:204,0
DA:205,0
DA:210,0
DA:215,0
DA:216,0
DA:218,0
DA:223,0
DA:224,0
DA:229,0
DA:234,0
DA:235,0
DA:237,0
DA:242,0
DA:243,0
DA:244,0
DA:245,0
DA:247,0
DA:252,0
DA:253,0
DA:262,0
DA:267,0
DA:268,0
DA:273,0
DA:278,1
DA:279,1
DA:284,0
DA:289,1
DA:290,1
DA:295,0
DA:300,1
DA:301,1
DA:306,0
DA:315,0
DA:316,0
DA:318,0
DA:323,0
DA:324,0
DA:331,0
DA:336,0
DA:337,0
DA:343,0
DA:348,0
DA:349,0
DA:350,0
DA:356,0
DA:361,0
DA:362,0
DA:367,0
DA:372,0
DA:373,0
DA:384,0
DA:389,0
DA:390,0
DA:395,0
DA:400,0
DA:401,0
DA:406,0
DA:411,0
DA:412,0
DA:417,0
DA:422,0
DA:423,0
DA:425,0
DA:430,0
DA:431,0
DA:433,0
DA:438,0
DA:439,0
DA:441,0
DA:446,0
DA:447,0
DA:452,0
DA:457,0
DA:458,0
DA:463,0
DA:468,0
DA:469,0
DA:475,0
DA:480,0
DA:481,0
DA:482,0
DA:487,0
DA:492,0
DA:493,0
DA:494,0
DA:505,0
DA:510,0
DA:511,0
DA:512,0
DA:524,0
DA:529,0
DA:530,0
DA:531,0
DA:532,0
DA:533,0
DA:535,0
DA:542,0
DA:544,0
DA:549,0
DA:550,0
DA:551,0
DA:552,0
DA:553,0
DA:563,0
DA:567,1
DA:622,0
DA:623,0
DA:624,0
DA:626,0
LF:169
LH:37
BRDA:23,0,0,1
BRDA:23,0,1,1
BRDA:51,1,0,1
BRDA:51,1,1,1
BRDA:183,2,0,0
BRDA:183,2,1,0
BRDA:244,3,0,0
BRDA:244,3,1,0
BRDA:349,4,0,0
BRDA:349,4,1,0
BRDA:349,4,2,0
BRDA:531,5,0,0
BRDA:531,5,1,0
BRDA:532,6,0,0
BRDA:532,6,1,0
BRDA:533,7,0,0
BRDA:533,7,1,0
BRDA:536,8,0,0
BRDA:536,8,1,0
BRDA:540,9,0,0
BRDA:540,9,1,0
BRF:21
BRH:4
end_of_record
TN:
SF:src\modules\receptionist\receptionist.routes.js
FN:17,(anonymous_0)
FN:18,(anonymous_1)
FNF:2
FNH:0
FNDA:0,(anonymous_0)
FNDA:0,(anonymous_1)
DA:1,1
DA:2,1
DA:3,1
DA:4,1
DA:5,1
DA:6,1
DA:7,1
DA:9,1
DA:13,1
DA:15,1
DA:17,0
DA:19,0
DA:20,0
DA:25,1
DA:26,1
DA:28,1
DA:29,1
DA:30,1
DA:31,1
DA:32,1
DA:34,1
DA:35,1
DA:36,1
DA:37,1
DA:39,1
DA:40,1
DA:42,1
DA:43,1
DA:44,1
DA:45,1
DA:46,1
DA:48,1
DA:49,1
DA:51,1
DA:52,1
DA:53,1
DA:54,1
DA:55,1
DA:56,1
DA:57,1
DA:59,1
DA:60,1
DA:61,1
DA:62,1
DA:63,1
DA:64,1
DA:65,1
DA:66,1
DA:67,1
DA:68,1
DA:69,1
DA:70,1
DA:73,1
DA:74,1
DA:75,1
DA:76,1
DA:77,1
DA:81,1
DA:86,1
DA:92,1
DA:93,1
DA:94,1
DA:95,1
DA:97,1
DA:99,1
LF:65
LH:62
BRDA:19,0,0,0
BRDA:19,0,1,0
BRF:2
BRH:0
end_of_record
TN:
SF:src\utils\membershipDiscount.js
FN:7,getCustomerDiscountPercent
FN:50,calcMembershipDiscount
FN:65,calcRewardPointUsage
FN:84,useLoyaltyPoints
FN:124,addLoyaltyPoints
FN:158,updateCustomerMembershipLevel
FNF:6
FNH:6
FNDA:2,getCustomerDiscountPercent
FNDA:3,calcMembershipDiscount
FNDA:4,calcRewardPointUsage
FNDA:2,useLoyaltyPoints
FNDA:2,addLoyaltyPoints
FNDA:1,updateCustomerMembershipLevel
DA:1,1
DA:3,1
DA:4,1
DA:5,1
DA:8,2
DA:10,1
DA:13,1
DA:14,0
DA:33,1
DA:47,1
DA:51,3
DA:52,3
DA:54,3
DA:59,3
DA:66,4
DA:67,4
DA:68,4
DA:70,4
DA:71,4
DA:73,4
DA:74,4
DA:76,4
DA:92,2
DA:94,2
DA:96,2
DA:105,2
DA:106,1
DA:109,1
DA:121,1
DA:131,2
DA:133,2
DA:135,1
DA:143,1
DA:155,1
DA:159,1
DA:161,1
DA:179,1
LF:37
LH:36
BRDA:8,0,0,1
BRDA:8,0,1,1
BRDA:13,1,0,0
BRDA:13,1,1,1
BRDA:47,2,0,1
BRDA:47,2,1,0
BRDA:51,3,0,3
BRDA:51,3,1,0
BRDA:52,4,0,3
BRDA:52,4,1,1
BRDA:66,5,0,4
BRDA:66,5,1,0
BRDA:67,6,0,4
BRDA:67,6,1,0
BRDA:68,7,0,4
BRDA:68,7,1,0
BRDA:92,8,0,2
BRDA:92,8,1,0
BRDA:94,9,0,0
BRDA:94,9,1,2
BRDA:94,10,0,2
BRDA:94,10,1,2
BRDA:105,11,0,1
BRDA:105,11,1,1
BRDA:114,12,0,1
BRDA:114,12,1,0
BRDA:131,13,0,2
BRDA:131,13,1,0
BRDA:133,14,0,1
BRDA:133,14,1,1
BRDA:133,15,0,2
BRDA:133,15,1,1
BRDA:148,16,0,1
BRDA:148,16,1,0
BRDA:159,17,0,0
BRDA:159,17,1,1
BRF:36
BRH:24
end_of_record
