TN:
SF:src\modules\auth\auth.service.js
FN:13,createToken
FN:24,createVerifyCode
FN:28,normalizeEmail
FN:32,isBcryptHash
FN:40,getUserByEmail
FN:78,getUserByGoogleId
FN:118,getUserByPhone
FN:132,publicUser
FN:139,register
FN:233,verifyEmail
FN:314,resendVerifyCode
FN:357,login
FN:378,googleLogin
FN:486,changePassword
FN:521,forgotPassword
FN:559,resetPassword
FNF:16
FNH:0
FNDA:0,createToken
FNDA:0,createVerifyCode
FNDA:0,normalizeEmail
FNDA:0,isBcryptHash
FNDA:0,getUserByEmail
FNDA:0,getUserByGoogleId
FNDA:0,getUserByPhone
FNDA:0,publicUser
FNDA:0,register
FNDA:0,verifyEmail
FNDA:0,resendVerifyCode
FNDA:0,login
FNDA:0,googleLogin
FNDA:0,changePassword
FNDA:0,forgotPassword
FNDA:0,resetPassword
DA:1,0
DA:2,0
DA:3,0
DA:5,0
DA:6,0
DA:7,0
DA:11,0
DA:14,0
DA:25,0
DA:29,0
DA:33,0
DA:41,0
DA:42,0
DA:75,0
DA:79,0
DA:81,0
DA:82,0
DA:115,0
DA:119,0
DA:121,0
DA:122,0
DA:129,0
DA:133,0
DA:134,0
DA:135,0
DA:136,0
DA:140,0
DA:142,0
DA:143,0
DA:144,0
DA:145,0
DA:146,0
DA:147,0
DA:148,0
DA:150,0
DA:151,0
DA:154,0
DA:155,0
DA:158,0
DA:159,0
DA:162,0
DA:163,0
DA:166,0
DA:167,0
DA:170,0
DA:171,0
DA:174,0
DA:175,0
DA:176,0
DA:179,0
DA:180,0
DA:181,0
DA:182,0
DA:186,0
DA:187,0
DA:195,0
DA:196,0
DA:200,0
DA:201,0
DA:202,0
DA:204,0
DA:209,0
DA:226,0
DA:228,0
DA:234,0
DA:236,0
DA:244,0
DA:246,0
DA:247,0
DA:250,0
DA:251,0
DA:254,0
DA:255,0
DA:257,0
DA:258,0
DA:261,0
DA:263,0
DA:264,0
DA:266,0
DA:278,0
DA:280,0
DA:291,0
DA:300,0
DA:302,0
DA:306,0
DA:307,0
DA:310,0
DA:315,0
DA:316,0
DA:318,0
DA:326,0
DA:328,0
DA:329,0
DA:332,0
DA:333,0
DA:335,0
DA:347,0
DA:349,0
DA:358,0
DA:360,0
DA:361,0
DA:362,0
DA:363,0
DA:365,0
DA:366,0
DA:367,0
DA:369,0
DA:372,0
DA:374,0
DA:375,0
DA:379,0
DA:380,0
DA:382,0
DA:383,0
DA:386,0
DA:388,0
DA:389,0
DA:394,0
DA:397,0
DA:398,0
DA:399,0
DA:402,0
DA:403,0
DA:404,0
DA:405,0
DA:406,0
DA:408,0
DA:409,0
DA:411,0
DA:412,0
DA:413,0
DA:414,0
DA:415,0
DA:420,0
DA:432,0
DA:441,0
DA:443,0
DA:444,0
DA:446,0
DA:449,0
DA:450,0
DA:452,0
DA:453,0
DA:455,0
DA:456,0
DA:461,0
DA:475,0
DA:476,0
DA:478,0
DA:479,0
DA:487,0
DA:488,0
DA:489,0
DA:490,0
DA:492,0
DA:493,0
DA:498,0
DA:499,0
DA:501,0
DA:505,0
DA:507,0
DA:508,0
DA:518,0
DA:522,0
DA:523,0
DA:525,0
DA:526,0
DA:531,0
DA:532,0
DA:536,0
DA:538,0
DA:550,0
DA:551,0
DA:560,0
DA:561,0
DA:562,0
DA:564,0
DA:565,0
DA:567,0
DA:569,0
DA:579,0
DA:580,0
DA:581,0
DA:583,0
DA:584,0
DA:596,0
DA:599,0
LF:187
LH:0
BRDA:34,0,0,0
BRDA:34,0,1,0
BRDA:34,0,2,0
BRDA:79,1,0,0
BRDA:79,1,1,0
BRDA:119,2,0,0
BRDA:119,2,1,0
BRDA:144,3,0,0
BRDA:144,3,1,0
BRDA:146,4,0,0
BRDA:146,4,1,0
BRDA:147,5,0,0
BRDA:147,5,1,0
BRDA:148,6,0,0
BRDA:148,6,1,0
BRDA:150,7,0,0
BRDA:150,7,1,0
BRDA:154,8,0,0
BRDA:154,8,1,0
BRDA:158,9,0,0
BRDA:158,9,1,0
BRDA:162,10,0,0
BRDA:162,10,1,0
BRDA:166,11,0,0
BRDA:166,11,1,0
BRDA:170,12,0,0
BRDA:170,12,1,0
BRDA:170,13,0,0
BRDA:170,13,1,0
BRDA:175,14,0,0
BRDA:175,14,1,0
BRDA:179,15,0,0
BRDA:179,15,1,0
BRDA:181,16,0,0
BRDA:181,16,1,0
BRDA:186,17,0,0
BRDA:186,17,1,0
BRDA:195,18,0,0
BRDA:195,18,1,0
BRDA:246,19,0,0
BRDA:246,19,1,0
BRDA:250,20,0,0
BRDA:250,20,1,0
BRDA:257,21,0,0
BRDA:257,21,1,0
BRDA:328,22,0,0
BRDA:328,22,1,0
BRDA:350,23,0,0
BRDA:350,23,1,0
BRDA:353,24,0,0
BRDA:353,24,1,0
BRDA:360,25,0,0
BRDA:360,25,1,0
BRDA:361,26,0,0
BRDA:361,26,1,0
BRDA:361,27,0,0
BRDA:361,27,1,0
BRDA:363,28,0,0
BRDA:363,28,1,0
BRDA:366,29,0,0
BRDA:366,29,1,0
BRDA:372,30,0,0
BRDA:372,30,1,0
BRDA:379,31,0,0
BRDA:379,31,1,0
BRDA:382,32,0,0
BRDA:382,32,1,0
BRDA:382,33,0,0
BRDA:382,33,1,0
BRDA:398,34,0,0
BRDA:398,34,1,0
BRDA:398,35,0,0
BRDA:398,35,1,0
BRDA:398,35,2,0
BRDA:403,36,0,0
BRDA:403,36,1,0
BRDA:404,37,0,0
BRDA:404,37,1,0
BRDA:409,38,0,0
BRDA:409,38,1,0
BRDA:411,39,0,0
BRDA:411,39,1,0
BRDA:449,40,0,0
BRDA:449,40,1,0
BRDA:449,41,0,0
BRDA:449,41,1,0
BRDA:452,42,0,0
BRDA:452,42,1,0
BRDA:452,43,0,0
BRDA:452,43,1,0
BRDA:455,44,0,0
BRDA:455,44,1,0
BRDA:455,45,0,0
BRDA:455,45,1,0
BRDA:476,46,0,0
BRDA:476,46,1,0
BRDA:487,47,0,0
BRDA:487,47,1,0
BRDA:487,48,0,0
BRDA:487,48,1,0
BRDA:489,49,0,0
BRDA:489,49,1,0
BRDA:499,50,0,0
BRDA:499,50,1,0
BRDA:501,51,0,0
BRDA:501,51,1,0
BRDA:505,52,0,0
BRDA:505,52,1,0
BRDA:525,53,0,0
BRDA:525,53,1,0
BRDA:552,54,0,0
BRDA:552,54,1,0
BRDA:553,55,0,0
BRDA:553,55,1,0
BRDA:555,56,0,0
BRDA:555,56,1,0
BRDA:560,57,0,0
BRDA:560,57,1,0
BRDA:560,58,0,0
BRDA:560,58,1,0
BRDA:561,59,0,0
BRDA:561,59,1,0
BRDA:580,60,0,0
BRDA:580,60,1,0
BRF:124
BRH:0
end_of_record
TN:
SF:src\modules\receptionist\receptionist.controller.js
FN:4,getDashboard
FN:12,getAppointments
FN:20,getAppointmentById
FN:30,createAppointment
FN:43,createWalkInAppointment
FN:63,confirmAppointment
FN:74,checkInAppointment
FN:85,startAppointment
FN:96,completeAppointment
FN:107,cancelAppointment
FN:122,noShowAppointment
FN:133,rescheduleAppointment
FN:148,getAvailableTechnicians
FN:156,getAvailableSlots
FN:164,getCustomersSearch
FN:172,getCustomers
FN:180,getCustomerById
FN:190,createCustomer
FN:203,updateCustomer
FN:214,getServices
FN:222,getTechnicians
FN:233,getInvoices
FN:241,getInvoiceById
FN:251,markInvoicePaid
FN:266,requestInvoiceRefund
FN:277,createInvoiceManually
FN:288,updateInvoiceDetails
FN:299,sendInvoiceEmail
FN:314,getWaitingList
FN:322,createWaitingList
FN:335,updateWaitingList
FN:347,deleteWaitingList
FN:360,getWaitingAvailableSlots
FN:371,convertWaitingListToAppointment
FN:388,getNotifications
FN:399,markNotificationRead
FN:410,markAllNotificationsRead
FN:421,getReviews
FN:429,getProfile
FN:437,getSettings
FN:445,updateSettings
FN:456,updateAvatar
FN:467,checkoutAppointment
FN:479,getTechnicianWorkload
FN:491,assignTechnician
FN:509,transferAppointments
FN:528,getSmartBookingSuggestions
FNF:47
FNH:0
FNDA:0,getDashboard
FNDA:0,getAppointments
FNDA:0,getAppointmentById
FNDA:0,createAppointment
FNDA:0,createWalkInAppointment
FNDA:0,confirmAppointment
FNDA:0,checkInAppointment
FNDA:0,startAppointment
FNDA:0,completeAppointment
FNDA:0,cancelAppointment
FNDA:0,noShowAppointment
FNDA:0,rescheduleAppointment
FNDA:0,getAvailableTechnicians
FNDA:0,getAvailableSlots
FNDA:0,getCustomersSearch
FNDA:0,getCustomers
FNDA:0,getCustomerById
FNDA:0,createCustomer
FNDA:0,updateCustomer
FNDA:0,getServices
FNDA:0,getTechnicians
FNDA:0,getInvoices
FNDA:0,getInvoiceById
FNDA:0,markInvoicePaid
FNDA:0,requestInvoiceRefund
FNDA:0,createInvoiceManually
FNDA:0,updateInvoiceDetails
FNDA:0,sendInvoiceEmail
FNDA:0,getWaitingList
FNDA:0,createWaitingList
FNDA:0,updateWaitingList
FNDA:0,deleteWaitingList
FNDA:0,getWaitingAvailableSlots
FNDA:0,convertWaitingListToAppointment
FNDA:0,getNotifications
FNDA:0,markNotificationRead
FNDA:0,markAllNotificationsRead
FNDA:0,getReviews
FNDA:0,getProfile
FNDA:0,getSettings
FNDA:0,updateSettings
FNDA:0,updateAvatar
FNDA:0,checkoutAppointment
FNDA:0,getTechnicianWorkload
FNDA:0,assignTechnician
FNDA:0,transferAppointments
FNDA:0,getSmartBookingSuggestions
DA:1,0
DA:2,0
DA:5,0
DA:6,0
DA:8,0
DA:13,0
DA:14,0
DA:16,0
DA:21,0
DA:22,0
DA:23,0
DA:24,0
DA:26,0
DA:31,0
DA:32,0
DA:39,0
DA:44,0
DA:45,0
DA:59,0
DA:64,0
DA:65,0
DA:70,0
DA:75,0
DA:76,0
DA:81,0
DA:86,0
DA:87,0
DA:92,0
DA:97,0
DA:98,0
DA:103,0
DA:108,0
DA:109,0
DA:118,0
DA:123,0
DA:124,0
DA:129,0
DA:134,0
DA:135,0
DA:144,0
DA:149,0
DA:150,0
DA:152,0
DA:157,0
DA:158,0
DA:160,0
DA:165,0
DA:166,0
DA:168,0
DA:173,0
DA:174,0
DA:176,0
DA:181,0
DA:182,0
DA:183,0
DA:184,0
DA:186,0
DA:191,0
DA:192,0
DA:199,0
DA:204,0
DA:205,0
DA:210,0
DA:215,0
DA:216,0
DA:218,0
DA:223,0
DA:224,0
DA:229,0
DA:234,0
DA:235,0
DA:237,0
DA:242,0
DA:243,0
DA:244,0
DA:245,0
DA:247,0
DA:252,0
DA:253,0
DA:262,0
DA:267,0
DA:268,0
DA:273,0
DA:278,0
DA:279,0
DA:284,0
DA:289,0
DA:290,0
DA:295,0
DA:300,0
DA:301,0
DA:306,0
DA:315,0
DA:316,0
DA:318,0
DA:323,0
DA:324,0
DA:331,0
DA:336,0
DA:337,0
DA:343,0
DA:348,0
DA:349,0
DA:350,0
DA:356,0
DA:361,0
DA:362,0
DA:367,0
DA:372,0
DA:373,0
DA:384,0
DA:389,0
DA:390,0
DA:395,0
DA:400,0
DA:401,0
DA:406,0
DA:411,0
DA:412,0
DA:417,0
DA:422,0
DA:423,0
DA:425,0
DA:430,0
DA:431,0
DA:433,0
DA:438,0
DA:439,0
DA:441,0
DA:446,0
DA:447,0
DA:452,0
DA:457,0
DA:458,0
DA:463,0
DA:468,0
DA:469,0
DA:475,0
DA:480,0
DA:481,0
DA:482,0
DA:487,0
DA:492,0
DA:493,0
DA:494,0
DA:505,0
DA:510,0
DA:511,0
DA:512,0
DA:524,0
DA:529,0
DA:530,0
DA:531,0
DA:532,0
DA:533,0
DA:535,0
DA:542,0
DA:544,0
DA:548,0
LF:159
LH:0
BRDA:23,0,0,0
BRDA:23,0,1,0
BRDA:51,1,0,0
BRDA:51,1,1,0
BRDA:183,2,0,0
BRDA:183,2,1,0
BRDA:244,3,0,0
BRDA:244,3,1,0
BRDA:349,4,0,0
BRDA:349,4,1,0
BRDA:349,4,2,0
BRDA:531,5,0,0
BRDA:531,5,1,0
BRDA:532,6,0,0
BRDA:532,6,1,0
BRDA:533,7,0,0
BRDA:533,7,1,0
BRDA:536,8,0,0
BRDA:536,8,1,0
BRDA:540,9,0,0
BRDA:540,9,1,0
BRF:21
BRH:0
end_of_record
TN:
SF:src\modules\receptionist\receptionist.routes.js
FN:17,(anonymous_0)
FN:18,(anonymous_1)
FNF:2
FNH:0
FNDA:0,(anonymous_0)
FNDA:0,(anonymous_1)
DA:1,0
DA:2,0
DA:3,0
DA:4,0
DA:5,0
DA:6,0
DA:7,0
DA:9,0
DA:13,0
DA:15,0
DA:17,0
DA:19,0
DA:20,0
DA:25,0
DA:26,0
DA:28,0
DA:29,0
DA:30,0
DA:31,0
DA:32,0
DA:34,0
DA:35,0
DA:36,0
DA:37,0
DA:39,0
DA:40,0
DA:42,0
DA:43,0
DA:44,0
DA:45,0
DA:46,0
DA:48,0
DA:49,0
DA:51,0
DA:52,0
DA:53,0
DA:54,0
DA:55,0
DA:56,0
DA:57,0
DA:59,0
DA:60,0
DA:61,0
DA:62,0
DA:63,0
DA:64,0
DA:65,0
DA:66,0
DA:67,0
DA:68,0
DA:69,0
DA:71,0
DA:72,0
DA:73,0
DA:74,0
DA:75,0
DA:79,0
DA:84,0
DA:90,0
DA:91,0
DA:92,0
DA:93,0
DA:95,0
LF:63
LH:0
BRDA:19,0,0,0
BRDA:19,0,1,0
BRF:2
BRH:0
end_of_record
TN:
SF:src\utils\membershipDiscount.js
FN:7,getCustomerDiscountPercent
FN:50,calcMembershipDiscount
FN:65,calcRewardPointUsage
FN:84,useLoyaltyPoints
FN:124,addLoyaltyPoints
FN:158,updateCustomerMembershipLevel
FNF:6
FNH:0
FNDA:0,getCustomerDiscountPercent
FNDA:0,calcMembershipDiscount
FNDA:0,calcRewardPointUsage
FNDA:0,useLoyaltyPoints
FNDA:0,addLoyaltyPoints
FNDA:0,updateCustomerMembershipLevel
DA:1,0
DA:3,0
DA:4,0
DA:5,0
DA:8,0
DA:10,0
DA:13,0
DA:14,0
DA:33,0
DA:47,0
DA:51,0
DA:52,0
DA:54,0
DA:59,0
DA:66,0
DA:67,0
DA:68,0
DA:70,0
DA:71,0
DA:73,0
DA:74,0
DA:76,0
DA:92,0
DA:94,0
DA:96,0
DA:105,0
DA:106,0
DA:109,0
DA:121,0
DA:131,0
DA:133,0
DA:135,0
DA:143,0
DA:155,0
DA:159,0
DA:161,0
DA:179,0
LF:37
LH:0
BRDA:8,0,0,0
BRDA:8,0,1,0
BRDA:13,1,0,0
BRDA:13,1,1,0
BRDA:47,2,0,0
BRDA:47,2,1,0
BRDA:51,3,0,0
BRDA:51,3,1,0
BRDA:52,4,0,0
BRDA:52,4,1,0
BRDA:66,5,0,0
BRDA:66,5,1,0
BRDA:67,6,0,0
BRDA:67,6,1,0
BRDA:68,7,0,0
BRDA:68,7,1,0
BRDA:92,8,0,0
BRDA:92,8,1,0
BRDA:94,9,0,0
BRDA:94,9,1,0
BRDA:94,10,0,0
BRDA:94,10,1,0
BRDA:105,11,0,0
BRDA:105,11,1,0
BRDA:114,12,0,0
BRDA:114,12,1,0
BRDA:131,13,0,0
BRDA:131,13,1,0
BRDA:133,14,0,0
BRDA:133,14,1,0
BRDA:133,15,0,0
BRDA:133,15,1,0
BRDA:148,16,0,0
BRDA:148,16,1,0
BRDA:159,17,0,0
BRDA:159,17,1,0
BRF:36
BRH:0
end_of_record
